HV000001: Hibernate Validator 8.0.1.Final
Starting BootcampApplication using Java 17.0.6 with PID 2456 (D:\Companies\IT Bootcamp\ProjectForBootcamp\main\target\classes started by HP in D:\Companies\IT Bootcamp\ProjectForBootcamp)
No active profile set, falling back to 1 default profile: "default"
Bootstrapping Spring Data JPA repositories in DEFAULT mode.
Finished Spring Data repository scanning in 96 ms. Found 1 JPA repository interfaces.
Tomcat initialized with port(s): 8080 (http)
Initializing ProtocolHandler ["http-nio-8080"]
Starting service [Tomcat]
Starting Servlet engine: [Apache Tomcat/10.1.11]
Initializing Spring embedded WebApplicationContext
Root WebApplicationContext: initialization completed in 2855 ms
HHH000204: Processing PersistenceUnitInfo [name: default]
HHH000412: Hibernate ORM core version 6.1.7.Final
HikariPool-1 - Starting...
HikariPool-1 - Added connection com.mysql.cj.jdbc.ConnectionImpl@370225c7
HikariPool-1 - Start completed.
HHH000400: Using dialect: org.hibernate.dialect.MySQLDialect
HHH000490: Using JtaPlatform implementation: [org.hibernate.engine.transaction.jta.platform.internal.NoJtaPlatform]
Initialized JPA EntityManagerFactory for persistence unit 'default'
spring.jpa.open-in-view is enabled by default. Therefore, database queries may be performed during view rendering. Explicitly configure spring.jpa.open-in-view to disable this warning
Starting ProtocolHandler ["http-nio-8080"]
Tomcat started on port(s): 8080 (http) with context path ''
Started BootcampApplication in 8.354 seconds (process running for 9.994)
Initializing Spring DispatcherServlet 'dispatcherServlet'
Initializing Servlet 'dispatcherServlet'
Completed initialization in 1 ms
Request : User[UserCreateDTO(lastName=null, firstName=null, patronymic=null, email=inna440@fom.com, userRole=SECURE_API_USER)]
Request : User[UserCreateDTO(lastName=Ivanova, firstName=Inna, patronymic=Ivanovna, email=inna440@fom.com, userRole=SECURE_API_USER)]
Requested : page number = 0
Page(s) of users received: PageDTO(number=0, size=10, totalPages=1, totalElements=7, first=true, numberOfElements=7, last=true, content=[UserDTO(id=11, lastName=user, firstName=na, patronymic=A, email=aa@fom.com, userRole=ADMIN), UserDTO(id=20, lastName=Ivanov, firstName=Ivan, patronymic=VAL, email=awwwn@fom.com, userRole=CUSTOMER_USER), UserDTO(id=21, lastName=user, firstName=Anna, patronymic=Ivanovna, email=b440@fom.com, userRole=ADMIN), UserDTO(id=9, lastName=user, firstName=na, patronymic=A, email=bbbbbb@fom.com, userRole=ADMIN), UserDTO(id=10, lastName=user, firstName=na, patronymic=A, email=bbbcccbb@fom.com, userRole=ADMIN), UserDTO(id=23, lastName=Ivanova, firstName=Inna, patronymic=Ivanovna, email=inna440@fom.com, userRole=SECURE_API_USER), UserDTO(id=22, lastName=Ivanova, firstName=Olga, patronymic=Ivanovna, email=olga440@fom.com, userRole=SECURE_API_USER)]) 
Requested : page number = 0
Page(s) of users received: PageDTO(number=0, size=5, totalPages=2, totalElements=7, first=true, numberOfElements=5, last=false, content=[UserDTO(id=11, lastName=user, firstName=na, patronymic=A, email=aa@fom.com, userRole=ADMIN), UserDTO(id=20, lastName=Ivanov, firstName=Ivan, patronymic=VAL, email=awwwn@fom.com, userRole=CUSTOMER_USER), UserDTO(id=21, lastName=user, firstName=Anna, patronymic=Ivanovna, email=b440@fom.com, userRole=ADMIN), UserDTO(id=9, lastName=user, firstName=na, patronymic=A, email=bbbbbb@fom.com, userRole=ADMIN), UserDTO(id=10, lastName=user, firstName=na, patronymic=A, email=bbbcccbb@fom.com, userRole=ADMIN)]) 
Request : User[UserCreateDTO(lastName=Ivanova, firstName=Inna, patronymic=Ivanovna, email=ууууinna440@fom.com, userRole=SECURE_API_USER)]
Request : User[UserCreateDTO(lastName=Ivanova, firstName=Inna, patronymic=Ivanovna, email=gggginna440@fom.com, userRole=SECURE_API_USER)]
New user has been created: UserEntity(id=24, lastName=Ivanova, firstName=Inna, patronymic=Ivanovna, email=gggginna440@fom.com, roleEntity=RoleEntity(id=24, role=SECURE_API_USER))
Requested : page number = 0
Page(s) of users received: PageDTO(number=0, size=5, totalPages=2, totalElements=6, first=true, numberOfElements=5, last=false, content=[UserDTO(id=11, lastName=user, firstName=na, patronymic=A, email=aa@fom.com, userRole=ADMIN), UserDTO(id=20, lastName=Ivanov, firstName=Ivan, patronymic=VAL, email=awwwn@fom.com, userRole=CUSTOMER_USER), UserDTO(id=21, lastName=user, firstName=Anna, patronymic=Ivanovna, email=b440@fom.com, userRole=ADMIN), UserDTO(id=9, lastName=user, firstName=na, patronymic=A, email=bbbbbb@fom.com, userRole=ADMIN), UserDTO(id=10, lastName=user, firstName=na, patronymic=A, email=bbbcccbb@fom.com, userRole=ADMIN)]) 
Requested : page number = 1
Page(s) of users received: PageDTO(number=1, size=5, totalPages=2, totalElements=6, first=false, numberOfElements=1, last=true, content=[UserDTO(id=22, lastName=Ivanova, firstName=Olga, patronymic=Ivanovna, email=olga440@fom.com, userRole=SECURE_API_USER)]) 
Requested : page number = 0
Page(s) of users received: PageDTO(number=0, size=10, totalPages=1, totalElements=6, first=true, numberOfElements=6, last=true, content=[UserDTO(id=11, lastName=user, firstName=na, patronymic=A, email=aa@fom.com, userRole=ADMIN), UserDTO(id=20, lastName=Ivanov, firstName=Ivan, patronymic=VAL, email=awwwn@fom.com, userRole=CUSTOMER_USER), UserDTO(id=21, lastName=user, firstName=Anna, patronymic=Ivanovna, email=b440@fom.com, userRole=ADMIN), UserDTO(id=9, lastName=user, firstName=na, patronymic=A, email=bbbbbb@fom.com, userRole=ADMIN), UserDTO(id=10, lastName=user, firstName=na, patronymic=A, email=bbbcccbb@fom.com, userRole=ADMIN), UserDTO(id=22, lastName=Ivanova, firstName=Olga, patronymic=Ivanovna, email=olga440@fom.com, userRole=SECURE_API_USER)]) 
Closing JPA EntityManagerFactory for persistence unit 'default'
HikariPool-1 - Shutdown initiated...
HikariPool-1 - Shutdown completed.
HV000001: Hibernate Validator 8.0.1.Final
Starting BootcampApplication using Java 17.0.6 with PID 15292 (D:\Companies\IT Bootcamp\ProjectForBootcamp\main\target\classes started by HP in D:\Companies\IT Bootcamp\ProjectForBootcamp)
No active profile set, falling back to 1 default profile: "default"
Bootstrapping Spring Data JPA repositories in DEFAULT mode.
Finished Spring Data repository scanning in 68 ms. Found 1 JPA repository interfaces.
Tomcat initialized with port(s): 8080 (http)
Initializing ProtocolHandler ["http-nio-8080"]
Starting service [Tomcat]
Starting Servlet engine: [Apache Tomcat/10.1.11]
Initializing Spring embedded WebApplicationContext
Root WebApplicationContext: initialization completed in 1919 ms
HHH000204: Processing PersistenceUnitInfo [name: default]
HHH000412: Hibernate ORM core version 6.1.7.Final
HikariPool-1 - Starting...
HikariPool-1 - Added connection com.mysql.cj.jdbc.ConnectionImpl@531ec2ca
HikariPool-1 - Start completed.
HHH000400: Using dialect: org.hibernate.dialect.MySQLDialect
HHH000490: Using JtaPlatform implementation: [org.hibernate.engine.transaction.jta.platform.internal.NoJtaPlatform]
Initialized JPA EntityManagerFactory for persistence unit 'default'
spring.jpa.open-in-view is enabled by default. Therefore, database queries may be performed during view rendering. Explicitly configure spring.jpa.open-in-view to disable this warning
Starting ProtocolHandler ["http-nio-8080"]
Tomcat started on port(s): 8080 (http) with context path ''
Started BootcampApplication in 5.79 seconds (process running for 9.418)
Initializing Spring DispatcherServlet 'dispatcherServlet'
Initializing Servlet 'dispatcherServlet'
Completed initialization in 2 ms
Requested : page number = 0
Page(s) of users received: PageDTO(number=0, size=10, totalPages=1, totalElements=6, first=true, numberOfElements=6, last=true, content=[UserDTO(id=11, lastName=user, firstName=na, patronymic=A, email=aa@fom.com, userRole=ADMIN), UserDTO(id=20, lastName=Ivanov, firstName=Ivan, patronymic=VAL, email=awwwn@fom.com, userRole=CUSTOMER_USER), UserDTO(id=21, lastName=user, firstName=Anna, patronymic=Ivanovna, email=b440@fom.com, userRole=ADMIN), UserDTO(id=9, lastName=user, firstName=na, patronymic=A, email=bbbbbb@fom.com, userRole=ADMIN), UserDTO(id=10, lastName=user, firstName=na, patronymic=A, email=bbbcccbb@fom.com, userRole=ADMIN), UserDTO(id=22, lastName=Ivanova, firstName=Olga, patronymic=Ivanovna, email=olga440@fom.com, userRole=SECURE_API_USER)]) 
Request : User[UserCreateDTO(lastName=Ivanova, firstName=Inna, patronymic=Ivanovna, email=inna440@fom.com, userRole=SECURE_API_USER)]
New user has been created: UserEntity(id=25, lastName=Ivanova, firstName=Inna, patronymic=Ivanovna, email=inna440@fom.com, roleEntity=RoleEntity(id=25, role=SECURE_API_USER))
Requested : page number = 0
Page(s) of users received: PageDTO(number=0, size=10, totalPages=1, totalElements=7, first=true, numberOfElements=7, last=true, content=[UserDTO(id=11, lastName=user, firstName=na, patronymic=A, email=aa@fom.com, userRole=ADMIN), UserDTO(id=20, lastName=Ivanov, firstName=Ivan, patronymic=VAL, email=awwwn@fom.com, userRole=CUSTOMER_USER), UserDTO(id=21, lastName=user, firstName=Anna, patronymic=Ivanovna, email=b440@fom.com, userRole=ADMIN), UserDTO(id=9, lastName=user, firstName=na, patronymic=A, email=bbbbbb@fom.com, userRole=ADMIN), UserDTO(id=10, lastName=user, firstName=na, patronymic=A, email=bbbcccbb@fom.com, userRole=ADMIN), UserDTO(id=25, lastName=Ivanova, firstName=Inna, patronymic=Ivanovna, email=inna440@fom.com, userRole=SECURE_API_USER), UserDTO(id=22, lastName=Ivanova, firstName=Olga, patronymic=Ivanovna, email=olga440@fom.com, userRole=SECURE_API_USER)]) 
Requested : page number = 1
Page(s) of users received: PageDTO(number=1, size=5, totalPages=2, totalElements=7, first=false, numberOfElements=2, last=true, content=[UserDTO(id=25, lastName=Ivanova, firstName=Inna, patronymic=Ivanovna, email=inna440@fom.com, userRole=SECURE_API_USER), UserDTO(id=22, lastName=Ivanova, firstName=Olga, patronymic=Ivanovna, email=olga440@fom.com, userRole=SECURE_API_USER)]) 
Requested : page number = 0
Page(s) of users received: PageDTO(number=0, size=5, totalPages=2, totalElements=7, first=true, numberOfElements=5, last=false, content=[UserDTO(id=11, lastName=user, firstName=na, patronymic=A, email=aa@fom.com, userRole=ADMIN), UserDTO(id=20, lastName=Ivanov, firstName=Ivan, patronymic=VAL, email=awwwn@fom.com, userRole=CUSTOMER_USER), UserDTO(id=21, lastName=user, firstName=Anna, patronymic=Ivanovna, email=b440@fom.com, userRole=ADMIN), UserDTO(id=9, lastName=user, firstName=na, patronymic=A, email=bbbbbb@fom.com, userRole=ADMIN), UserDTO(id=10, lastName=user, firstName=na, patronymic=A, email=bbbcccbb@fom.com, userRole=ADMIN)]) 
Request : User[UserCreateDTO(lastName=Ivanova, firstName=null, patronymic=null, email=inna440@fom.com, userRole=SECURE_API_USER)]
Request : User[UserCreateDTO(lastName=Ivanova, firstName=Inna, patronymic=Ivanovna, email=inna440@fom.com, userRole=SECURE_API_USER)]
Closing JPA EntityManagerFactory for persistence unit 'default'
HikariPool-1 - Shutdown initiated...
HikariPool-1 - Shutdown completed.
HV000001: Hibernate Validator 8.0.1.Final
Starting BootcampApplication using Java 17.0.6 with PID 14684 (D:\Companies\IT Bootcamp\ProjectForBootcamp\main\target\classes started by HP in D:\Companies\IT Bootcamp\ProjectForBootcamp)
No active profile set, falling back to 1 default profile: "default"
Bootstrapping Spring Data JPA repositories in DEFAULT mode.
Finished Spring Data repository scanning in 48 ms. Found 1 JPA repository interfaces.
Tomcat initialized with port(s): 8080 (http)
Initializing ProtocolHandler ["http-nio-8080"]
Starting service [Tomcat]
Starting Servlet engine: [Apache Tomcat/10.1.11]
Initializing Spring embedded WebApplicationContext
Root WebApplicationContext: initialization completed in 1388 ms
HHH000204: Processing PersistenceUnitInfo [name: default]
HHH000412: Hibernate ORM core version 6.1.7.Final
HikariPool-1 - Starting...
HikariPool-1 - Added connection com.mysql.cj.jdbc.ConnectionImpl@4bbf20d1
HikariPool-1 - Start completed.
HHH000400: Using dialect: org.hibernate.dialect.MySQLDialect
HHH000490: Using JtaPlatform implementation: [org.hibernate.engine.transaction.jta.platform.internal.NoJtaPlatform]
Initialized JPA EntityManagerFactory for persistence unit 'default'
spring.jpa.open-in-view is enabled by default. Therefore, database queries may be performed during view rendering. Explicitly configure spring.jpa.open-in-view to disable this warning
Starting ProtocolHandler ["http-nio-8080"]
Tomcat started on port(s): 8080 (http) with context path ''
Started BootcampApplication in 4.302 seconds (process running for 5.572)
Initializing Spring DispatcherServlet 'dispatcherServlet'
Initializing Servlet 'dispatcherServlet'
Completed initialization in 1 ms
Request : User[UserCreateDTO(lastName=Ivanova, firstName=Inna, patronymic=Ivanovna, email=inna440@fom.com, userRole=SECURE_API_USER)]
Requested : page number = 0
Page(s) of users received: PageDTO(number=0, size=10, totalPages=1, totalElements=7, first=true, numberOfElements=7, last=true, content=[UserDTO(id=11, lastName=user, firstName=na, patronymic=A, email=aa@fom.com, userRole=ADMIN), UserDTO(id=20, lastName=Ivanov, firstName=Ivan, patronymic=VAL, email=awwwn@fom.com, userRole=CUSTOMER_USER), UserDTO(id=21, lastName=user, firstName=Anna, patronymic=Ivanovna, email=b440@fom.com, userRole=ADMIN), UserDTO(id=9, lastName=user, firstName=na, patronymic=A, email=bbbbbb@fom.com, userRole=ADMIN), UserDTO(id=10, lastName=user, firstName=na, patronymic=A, email=bbbcccbb@fom.com, userRole=ADMIN), UserDTO(id=25, lastName=Ivanova, firstName=Inna, patronymic=Ivanovna, email=inna440@fom.com, userRole=SECURE_API_USER), UserDTO(id=22, lastName=Ivanova, firstName=Olga, patronymic=Ivanovna, email=olga440@fom.com, userRole=SECURE_API_USER)]) 
Closing JPA EntityManagerFactory for persistence unit 'default'
HikariPool-1 - Shutdown initiated...
HikariPool-1 - Shutdown completed.
HV000001: Hibernate Validator 8.0.1.Final
Starting BootcampApplication using Java 17.0.6 with PID 8980 (D:\Companies\IT Bootcamp\ProjectForBootcamp\controllers\target\classes started by HP in D:\Companies\IT Bootcamp\ProjectForBootcamp)
No active profile set, falling back to 1 default profile: "default"
Bootstrapping Spring Data JPA repositories in DEFAULT mode.
Finished Spring Data repository scanning in 49 ms. Found 1 JPA repository interfaces.
Tomcat initialized with port(s): 8080 (http)
Initializing ProtocolHandler ["http-nio-8080"]
Starting service [Tomcat]
Starting Servlet engine: [Apache Tomcat/10.1.11]
Initializing Spring embedded WebApplicationContext
Root WebApplicationContext: initialization completed in 1447 ms
HHH000204: Processing PersistenceUnitInfo [name: default]
HHH000412: Hibernate ORM core version 6.1.7.Final
HikariPool-1 - Starting...
HikariPool-1 - Added connection com.mysql.cj.jdbc.ConnectionImpl@40b31a16
HikariPool-1 - Start completed.
HHH000400: Using dialect: org.hibernate.dialect.MySQLDialect
HHH000490: Using JtaPlatform implementation: [org.hibernate.engine.transaction.jta.platform.internal.NoJtaPlatform]
Initialized JPA EntityManagerFactory for persistence unit 'default'
spring.jpa.open-in-view is enabled by default. Therefore, database queries may be performed during view rendering. Explicitly configure spring.jpa.open-in-view to disable this warning
Starting ProtocolHandler ["http-nio-8080"]
Tomcat started on port(s): 8080 (http) with context path ''
Started BootcampApplication in 4.132 seconds (process running for 4.898)
Initializing Spring DispatcherServlet 'dispatcherServlet'
Initializing Servlet 'dispatcherServlet'
Completed initialization in 1 ms
Requested : page number = 0
Page(s) of users received: PageDTO(number=0, size=10, totalPages=1, totalElements=7, first=true, numberOfElements=7, last=true, content=[UserDTO(id=11, lastName=user, firstName=na, patronymic=A, email=aa@fom.com, userRole=ADMIN), UserDTO(id=20, lastName=Ivanov, firstName=Ivan, patronymic=VAL, email=awwwn@fom.com, userRole=CUSTOMER_USER), UserDTO(id=21, lastName=user, firstName=Anna, patronymic=Ivanovna, email=b440@fom.com, userRole=ADMIN), UserDTO(id=9, lastName=user, firstName=na, patronymic=A, email=bbbbbb@fom.com, userRole=ADMIN), UserDTO(id=10, lastName=user, firstName=na, patronymic=A, email=bbbcccbb@fom.com, userRole=ADMIN), UserDTO(id=25, lastName=Ivanova, firstName=Inna, patronymic=Ivanovna, email=inna440@fom.com, userRole=SECURE_API_USER), UserDTO(id=22, lastName=Ivanova, firstName=Olga, patronymic=Ivanovna, email=olga440@fom.com, userRole=SECURE_API_USER)]) 
Request : User[UserCreateDTO(lastName=Ivanova, firstName=Inna, patronymic=Ivanovna, email=inna440@fom.com, userRole=SECURE_API_USER)]
Request : User[UserCreateDTO(lastName=Ivanova, firstName=null, patronymic=null, email=inna440@fom.com, userRole=SECURE_API_USER)]
Request : User[UserCreateDTO(lastName=Ivanov, firstName=Ivan, patronymic=Ivanov, email=ivvvvan40@fom.com, userRole=SECURE_API_USER)]
New user has been created: UserEntity(id=26, lastName=Ivanov, firstName=Ivan, patronymic=Ivanov, email=ivvvvan40@fom.com, roleEntity=RoleEntity(id=26, role=SECURE_API_USER))
Requested : page number = 0
Page(s) of users received: PageDTO(number=0, size=10, totalPages=1, totalElements=8, first=true, numberOfElements=8, last=true, content=[UserDTO(id=11, lastName=user, firstName=na, patronymic=A, email=aa@fom.com, userRole=ADMIN), UserDTO(id=20, lastName=Ivanov, firstName=Ivan, patronymic=VAL, email=awwwn@fom.com, userRole=CUSTOMER_USER), UserDTO(id=21, lastName=user, firstName=Anna, patronymic=Ivanovna, email=b440@fom.com, userRole=ADMIN), UserDTO(id=9, lastName=user, firstName=na, patronymic=A, email=bbbbbb@fom.com, userRole=ADMIN), UserDTO(id=10, lastName=user, firstName=na, patronymic=A, email=bbbcccbb@fom.com, userRole=ADMIN), UserDTO(id=25, lastName=Ivanova, firstName=Inna, patronymic=Ivanovna, email=inna440@fom.com, userRole=SECURE_API_USER), UserDTO(id=26, lastName=Ivanov, firstName=Ivan, patronymic=Ivanov, email=ivvvvan40@fom.com, userRole=SECURE_API_USER), UserDTO(id=22, lastName=Ivanova, firstName=Olga, patronymic=Ivanovna, email=olga440@fom.com, userRole=SECURE_API_USER)]) 
Closing JPA EntityManagerFactory for persistence unit 'default'
HikariPool-1 - Shutdown initiated...
HikariPool-1 - Shutdown completed.
HV000001: Hibernate Validator 8.0.1.Final
Starting BootcampApplication using Java 17.0.6 with PID 2140 (D:\Companies\IT Bootcamp\ProjectForBootcamp\controllers\target\classes started by HP in D:\Companies\IT Bootcamp\ProjectForBootcamp)
No active profile set, falling back to 1 default profile: "default"
Bootstrapping Spring Data JPA repositories in DEFAULT mode.
Finished Spring Data repository scanning in 50 ms. Found 1 JPA repository interfaces.
Tomcat initialized with port(s): 8080 (http)
Initializing ProtocolHandler ["http-nio-8080"]
Starting service [Tomcat]
Starting Servlet engine: [Apache Tomcat/10.1.11]
Initializing Spring embedded WebApplicationContext
Root WebApplicationContext: initialization completed in 1305 ms
HHH000204: Processing PersistenceUnitInfo [name: default]
HHH000412: Hibernate ORM core version 6.1.7.Final
HikariPool-1 - Starting...
HikariPool-1 - Added connection com.mysql.cj.jdbc.ConnectionImpl@156324b
HikariPool-1 - Start completed.
HHH000400: Using dialect: org.hibernate.dialect.MySQLDialect
HHH000490: Using JtaPlatform implementation: [org.hibernate.engine.transaction.jta.platform.internal.NoJtaPlatform]
Initialized JPA EntityManagerFactory for persistence unit 'default'
spring.jpa.open-in-view is enabled by default. Therefore, database queries may be performed during view rendering. Explicitly configure spring.jpa.open-in-view to disable this warning
Starting ProtocolHandler ["http-nio-8080"]
Tomcat started on port(s): 8080 (http) with context path ''
Started BootcampApplication in 3.851 seconds (process running for 4.54)
Initializing Spring DispatcherServlet 'dispatcherServlet'
Initializing Servlet 'dispatcherServlet'
Completed initialization in 1 ms
Requested : page number = 0
Page(s) of users received: PageDTO(number=0, size=10, totalPages=1, totalElements=8, first=true, numberOfElements=8, last=true, content=[UserDTO(id=11, lastName=user, firstName=na, patronymic=A, email=aa@fom.com, userRole=ADMIN), UserDTO(id=20, lastName=Ivanov, firstName=Ivan, patronymic=VAL, email=awwwn@fom.com, userRole=CUSTOMER_USER), UserDTO(id=21, lastName=user, firstName=Anna, patronymic=Ivanovna, email=b440@fom.com, userRole=ADMIN), UserDTO(id=9, lastName=user, firstName=na, patronymic=A, email=bbbbbb@fom.com, userRole=ADMIN), UserDTO(id=10, lastName=user, firstName=na, patronymic=A, email=bbbcccbb@fom.com, userRole=ADMIN), UserDTO(id=25, lastName=Ivanova, firstName=Inna, patronymic=Ivanovna, email=inna440@fom.com, userRole=SECURE_API_USER), UserDTO(id=26, lastName=Ivanov, firstName=Ivan, patronymic=Ivanov, email=ivvvvan40@fom.com, userRole=SECURE_API_USER), UserDTO(id=22, lastName=Ivanova, firstName=Olga, patronymic=Ivanovna, email=olga440@fom.com, userRole=SECURE_API_USER)]) 
Request : User[UserCreateDTO(lastName=Ivanov, firstName=Ivan, patronymic=Ivanov, email=ivvvvan40@fom.com, userRole=SECURE_API_USER)]
Request : User[UserCreateDTO(lastName=null, firstName=null, patronymic=null, email=ivvvvan40@fom.com, userRole=SECURE_API_USER)]
Request : User[UserCreateDTO(lastName=Ivanov, firstName=Ivan, patronymic=Ivanov, email=ivvvvan40@fom.com, userRole=SECURE_API_USER)]
Request : User[UserCreateDTO(lastName=null, firstName=null, patronymic=null, email=null, userRole=null)]
Request : User[UserCreateDTO(lastName=Ivanov, firstName=Ivan, patronymic=Ivanov, email=ivvvvan40@fom.com, userRole=SECURE_API_USER)]
